# JRE version: OpenJDK Runtime Environment (8.0_242-b01) (build 1.8.0_242-release-1644-b01)
# Java VM: OpenJDK 64-Bit Server VM (25.242-b01 mixed mode windows-amd64 compressed oops)
Heap:
 PSYoungGen      total 449024K, used 402424K [0x00000000e0000000, 0x0000000100000000, 0x0000000100000000)
  eden space 401408K, 88% used [0x00000000e0000000,0x00000000f5aaa560,0x00000000f8800000)
  from space 47616K, 99% used [0x00000000f8800000,0x00000000fb653b78,0x00000000fb680000)
  to   space 66560K, 0% used [0x00000000fbf00000,0x00000000fbf00000,0x0000000100000000)
 ParOldGen       total 184320K, used 139083K [0x00000000a0000000, 0x00000000ab400000, 0x00000000e0000000)
  object space 184320K, 75% used [0x00000000a0000000,0x00000000a87d2ea8,0x00000000ab400000)
 Metaspace       used 109389K, capacity 115526K, committed 115624K, reserved 1148928K
  class space    used 14011K, capacity 15243K, committed 15272K, reserved 1048576K
GC Heap History (10 events):
Event: 1884.763 GC heap before
{Heap before GC invocations=23 (full 4):
 PSYoungGen      total 434688K, used 434677K [0x00000000e0000000, 0x00000000feb80000, 0x0000000100000000)
  eden space 402432K, 100% used [0x00000000e0000000,0x00000000f8900000,0x00000000f8900000)
  from space 32256K, 99% used [0x00000000fb380000,0x00000000fd2fd730,0x00000000fd300000)
  to   space 43520K, 0% used [0x00000000f8900000,0x00000000f8900000,0x00000000fb380000)
 ParOldGen       total 184320K, used 93813K [0x00000000a0000000, 0x00000000ab400000, 0x00000000e0000000)
  object space 184320K, 50% used [0x00000000a0000000,0x00000000a5b9d530,0x00000000ab400000)
 Metaspace       used 100934K, capacity 106098K, committed 106280K, reserved 1140736K
  class space    used 13219K, capacity 14319K, committed 14376K, reserved 1048576K
Event: 1885.018 GC heap after
Heap after GC invocations=23 (full 4):
 PSYoungGen      total 445952K, used 7013K [0x00000000e0000000, 0x0000000100000000, 0x0000000100000000)
  eden space 402432K, 0% used [0x00000000e0000000,0x00000000e0000000,0x00000000f8900000)
  from space 43520K, 16% used [0x00000000f8900000,0x00000000f8fd9458,0x00000000fb380000)
  to   space 42496K, 0% used [0x00000000fd680000,0x00000000fd680000,0x0000000100000000)
 ParOldGen       total 184320K, used 104177K [0x00000000a0000000, 0x00000000ab400000, 0x00000000e0000000)
  object space 184320K, 56% used [0x00000000a0000000,0x00000000a65bc628,0x00000000ab400000)
 Metaspace       used 100934K, capacity 106098K, committed 106280K, reserved 1140736K
  class space    used 13219K, capacity 14319K, committed 14376K, reserved 1048576K
}
Event: 1915.110 GC heap before
{Heap before GC invocations=24 (full 4):
 PSYoungGen      total 445952K, used 409445K [0x00000000e0000000, 0x0000000100000000, 0x0000000100000000)
  eden space 402432K, 100% used [0x00000000e0000000,0x00000000f8900000,0x00000000f8900000)
  from space 43520K, 16% used [0x00000000f8900000,0x00000000f8fd9458,0x00000000fb380000)
  to   space 42496K, 0% used [0x00000000fd680000,0x00000000fd680000,0x0000000100000000)
 ParOldGen       total 184320K, used 104177K [0x00000000a0000000, 0x00000000ab400000, 0x00000000e0000000)
  object space 184320K, 56% used [0x00000000a0000000,0x00000000a65bc628,0x00000000ab400000)
 Metaspace       used 106794K, capacity 112504K, committed 112680K, reserved 1146880K
  class space    used 13872K, capacity 15054K, committed 15144K, reserved 1048576K
Event: 1915.199 GC heap after
Heap after GC invocations=24 (full 4):
 PSYoungGen      total 480768K, used 24291K [0x00000000e0000000, 0x0000000100000000, 0x0000000100000000)
  eden space 438272K, 0% used [0x00000000e0000000,0x00000000e0000000,0x00000000fac00000)
  from space 42496K, 57% used [0x00000000fd680000,0x00000000fee38f28,0x0000000100000000)
  to   space 43008K, 0% used [0x00000000fac00000,0x00000000fac00000,0x00000000fd600000)
 ParOldGen       total 184320K, used 104193K [0x00000000a0000000, 0x00000000ab400000, 0x00000000e0000000)
  object space 184320K, 56% used [0x00000000a0000000,0x00000000a65c0628,0x00000000ab400000)
 Metaspace       used 106794K, capacity 112504K, committed 112680K, reserved 1146880K
  class space    used 13872K, capacity 15054K, committed 15144K, reserved 1048576K
}
Event: 1920.576 GC heap before
{Heap before GC invocations=25 (full 4):
 PSYoungGen      total 480768K, used 462563K [0x00000000e0000000, 0x0000000100000000, 0x0000000100000000)
  eden space 438272K, 100% used [0x00000000e0000000,0x00000000fac00000,0x00000000fac00000)
  from space 42496K, 57% used [0x00000000fd680000,0x00000000fee38f28,0x0000000100000000)
  to   space 43008K, 0% used [0x00000000fac00000,0x00000000fac00000,0x00000000fd600000)
 ParOldGen       total 184320K, used 104193K [0x00000000a0000000, 0x00000000ab400000, 0x00000000e0000000)
  object space 184320K, 56% used [0x00000000a0000000,0x00000000a65c0628,0x00000000ab400000)
 Metaspace       used 108516K, capacity 114492K, committed 114600K, reserved 1148928K
  class space    used 13942K, capacity 15180K, committed 15272K, reserved 1048576K
Event: 1920.663 GC heap after
Heap after GC invocations=25 (full 4):
 PSYoungGen      total 479232K, used 40931K [0x00000000e0000000, 0x0000000100000000, 0x0000000100000000)
  eden space 438272K, 0% used [0x00000000e0000000,0x00000000e0000000,0x00000000fac00000)
  from space 40960K, 99% used [0x00000000fac00000,0x00000000fd3f8e50,0x00000000fd400000)
  to   space 45056K, 0% used [0x00000000fd400000,0x00000000fd400000,0x0000000100000000)
 ParOldGen       total 184320K, used 104201K [0x00000000a0000000, 0x00000000ab400000, 0x00000000e0000000)
  object space 184320K, 56% used [0x00000000a0000000,0x00000000a65c2628,0x00000000ab400000)
 Metaspace       used 108516K, capacity 114492K, committed 114600K, reserved 1148928K
  class space    used 13942K, capacity 15180K, committed 15272K, reserved 1048576K
}
Event: 1926.648 GC heap before
{Heap before GC invocations=26 (full 4):
 PSYoungGen      total 479232K, used 479203K [0x00000000e0000000, 0x0000000100000000, 0x0000000100000000)
  eden space 438272K, 100% used [0x00000000e0000000,0x00000000fac00000,0x00000000fac00000)
  from space 40960K, 99% used [0x00000000fac00000,0x00000000fd3f8e50,0x00000000fd400000)
  to   space 45056K, 0% used [0x00000000fd400000,0x00000000fd400000,0x0000000100000000)
 ParOldGen       total 184320K, used 104201K [0x00000000a0000000, 0x00000000ab400000, 0x00000000e0000000)
  object space 184320K, 56% used [0x00000000a0000000,0x00000000a65c2628,0x00000000ab400000)
 Metaspace       used 109093K, capacity 115138K, committed 115368K, reserved 1148928K
  class space    used 13993K, capacity 15229K, committed 15272K, reserved 1048576K
Event: 1926.727 GC heap after
Heap after GC invocations=26 (full 4):
 PSYoungGen      total 446464K, used 45044K [0x00000000e0000000, 0x0000000100000000, 0x0000000100000000)
  eden space 401408K, 0% used [0x00000000e0000000,0x00000000e0000000,0x00000000f8800000)
  from space 45056K, 99% used [0x00000000fd400000,0x00000000ffffd0d0,0x0000000100000000)
  to   space 61440K, 0% used [0x00000000f8800000,0x00000000f8800000,0x00000000fc400000)
 ParOldGen       total 184320K, used 119179K [0x00000000a0000000, 0x00000000ab400000, 0x00000000e0000000)
  object space 184320K, 64% used [0x00000000a0000000,0x00000000a7462c18,0x00000000ab400000)
 Metaspace       used 109093K, capacity 115138K, committed 115368K, reserved 1148928K
  class space    used 13993K, capacity 15229K, committed 15272K, reserved 1048576K
}
Event: 1930.456 GC heap before
{Heap before GC invocations=27 (full 4):
 PSYoungGen      total 446464K, used 446355K [0x00000000e0000000, 0x0000000100000000, 0x0000000100000000)
  eden space 401408K, 99% used [0x00000000e0000000,0x00000000f87e7eb0,0x00000000f8800000)
  from space 45056K, 99% used [0x00000000fd400000,0x00000000ffffd0d0,0x0000000100000000)
  to   space 61440K, 0% used [0x00000000f8800000,0x00000000f8800000,0x00000000fc400000)
 ParOldGen       total 184320K, used 119691K [0x00000000a0000000, 0x00000000ab400000, 0x00000000e0000000)
  object space 184320K, 64% used [0x00000000a0000000,0x00000000a74e2c28,0x00000000ab400000)
 Metaspace       used 109297K, capacity 115374K, committed 115624K, reserved 1148928K
  class space    used 14007K, capacity 15239K, committed 15272K, reserved 1048576K
Event: 1930.493 GC heap after
Heap after GC invocations=27 (full 4):
 PSYoungGen      total 449024K, used 47438K [0x00000000e0000000, 0x0000000100000000, 0x0000000100000000)
  eden space 401408K, 0% used [0x00000000e0000000,0x00000000e0000000,0x00000000f8800000)
  from space 47616K, 99% used [0x00000000f8800000,0x00000000fb653b78,0x00000000fb680000)
  to   space 66560K, 0% used [0x00000000fbf00000,0x00000000fbf00000,0x0000000100000000)
 ParOldGen       total 184320K, used 139083K [0x00000000a0000000, 0x00000000ab400000, 0x00000000e0000000)
  object space 184320K, 75% used [0x00000000a0000000,0x00000000a87d2ea8,0x00000000ab400000)
 Metaspace       used 109297K, capacity 115374K, committed 115624K, reserved 1148928K
  class space    used 14007K, capacity 15239K, committed 15272K, reserved 1048576K
}

